Arguments: 
  C:\Program Files\nodejs\node.exe C:\Users\98913\AppData\Roaming\npm\node_modules\yarn\bin\yarn.js add --dev crypto-browserify stream-browserify assert stream-http https-browserify os-browserify url

PATH: 
  C:\WINDOWS\system32;C:\WINDOWS;C:\WINDOWS\System32\Wbem;C:\WINDOWS\System32\WindowsPowerShell\v1.0\;C:\WINDOWS\System32\OpenSSH\;C:\Program Files\Git\cmd;C:\Program Files\nodejs\;C:\Program Files\Docker\Docker\resources\bin;C:\ProgramData\DockerDesktop\version-bin;C:\Program Files\Go\bin;C:\Program Files\PuTTY\;C:\Users\98913\AppData\Local\Microsoft\WindowsApps;;C:\Users\98913\AppData\Local\Programs\Microsoft VS Code\bin;C:\Users\98913\AppData\Roaming\npm;C:\Users\98913\go\bin

Yarn version: 
  1.22.17

Node version: 
  16.13.1

Platform: 
  win32 x64

Trace: 
  Error: EPERM: operation not permitted, unlink 'E:\programming\portfolio-projects\dex\node_modules\bufferutil\prebuilds\win32-x64\node.napi.node'

npm manifest: 
  {
    "name": "dex",
    "version": "0.1.0",
    "private": true,
    "dependencies": {
      "@reduxjs/toolkit": "^1.8.3",
      "@testing-library/jest-dom": "^5.16.4",
      "@testing-library/react": "^13.3.0",
      "@testing-library/user-event": "^13.5.0",
      "@types/jest": "^27.5.2",
      "@types/node": "^16.11.45",
      "@types/react": "^18.0.15",
      "@types/react-dom": "^18.0.6",
      "@walletconnect/web3-provider": "^1.7.8",
      "laravel-mix": "^6.0.49",
      "react": "^18.2.0",
      "react-dom": "^18.2.0",
      "react-icons": "^4.4.0",
      "react-redux": "^8.0.2",
      "react-scripts": "5.0.1",
      "stream": "^0.0.2",
      "typescript": "^4.7.4",
      "web-vitals": "^2.1.4",
      "web3": "^1.7.4",
      "web3modal": "^1.9.8"
    },
    "scripts": {
      "start": "react-scripts start",
      "build": "react-scripts build",
      "test": "react-scripts test",
      "eject": "react-scripts eject"
    },
    "eslintConfig": {
      "extends": [
        "react-app",
        "react-app/jest"
      ]
    },
    "browserslist": {
      "production": [
        ">0.2%",
        "not dead",
        "not op_mini all"
      ],
      "development": [
        "last 1 chrome version",
        "last 1 firefox version",
        "last 1 safari version"
      ]
    },
    "devDependencies": {
      "autoprefixer": "^10.4.7",
      "postcss": "^8.4.14",
      "tailwindcss": "^3.1.6"
    }
  }

yarn manifest: 
  No manifest

Lockfile: 
  No lockfile
